[15:01:43:114] [INFO] - org.springframework.test.context.support.AbstractTestContextBootstrapper.buildDefaultMergedContextConfiguration(AbstractTestContextBootstrapper.java:308) - Neither @ContextConfiguration nor @ContextHierarchy found for test class [com.example.demo.FileControllerTest], using SpringBootContextLoader
[15:01:43:127] [INFO] - org.springframework.test.context.support.AbstractContextLoader.generateDefaultLocations(AbstractContextLoader.java:264) - Could not detect default resource locations for test class [com.example.demo.FileControllerTest]: no resource found for suffixes {-context.xml, Context.groovy}.
[15:01:43:130] [INFO] - org.springframework.test.context.support.AnnotationConfigContextLoaderUtils.detectDefaultConfigurationClasses(AnnotationConfigContextLoaderUtils.java:83) - Could not detect default configuration classes for test class [com.example.demo.FileControllerTest]: FileControllerTest does not declare any static, non-private, non-final, nested classes annotated with @Configuration.
[15:01:43:257] [INFO] - org.springframework.boot.test.context.SpringBootTestContextBootstrapper.getOrFindConfigurationClasses(SpringBootTestContextBootstrapper.java:235) - Found @SpringBootConfiguration com.example.demo.DemoApplication for test class com.example.demo.FileControllerTest
[15:01:43:366] [INFO] - org.springframework.test.context.support.AbstractTestContextBootstrapper.getDefaultTestExecutionListenerClassNames(AbstractTestContextBootstrapper.java:248) - Loaded default TestExecutionListener class names from location [META-INF/spring.factories]: [org.springframework.boot.test.mock.mockito.MockitoTestExecutionListener, org.springframework.boot.test.mock.mockito.ResetMocksTestExecutionListener, org.springframework.boot.test.autoconfigure.restdocs.RestDocsTestExecutionListener, org.springframework.boot.test.autoconfigure.web.client.MockRestServiceServerResetTestExecutionListener, org.springframework.boot.test.autoconfigure.web.servlet.MockMvcPrintOnlyOnFailureTestExecutionListener, org.springframework.boot.test.autoconfigure.web.servlet.WebDriverTestExecutionListener, org.springframework.test.context.web.ServletTestExecutionListener, org.springframework.test.context.support.DirtiesContextBeforeModesTestExecutionListener, org.springframework.test.context.support.DependencyInjectionTestExecutionListener, org.springframework.test.context.support.DirtiesContextTestExecutionListener, org.springframework.test.context.transaction.TransactionalTestExecutionListener, org.springframework.test.context.jdbc.SqlScriptsTestExecutionListener, org.springframework.test.context.event.EventPublishingTestExecutionListener]
[15:01:43:383] [INFO] - org.springframework.test.context.support.AbstractTestContextBootstrapper.getTestExecutionListeners(AbstractTestContextBootstrapper.java:177) - Using TestExecutionListeners: [org.springframework.test.context.web.ServletTestExecutionListener@21d03963, org.springframework.test.context.support.DirtiesContextBeforeModesTestExecutionListener@1f760b47, org.springframework.boot.test.mock.mockito.MockitoTestExecutionListener@18ece7f4, org.springframework.boot.test.autoconfigure.SpringBootDependencyInjectionTestExecutionListener@3cce57c7, org.springframework.test.context.support.DirtiesContextTestExecutionListener@1cf56a1c, org.springframework.test.context.transaction.TransactionalTestExecutionListener@33f676f6, org.springframework.test.context.jdbc.SqlScriptsTestExecutionListener@4c5ae43b, org.springframework.test.context.event.EventPublishingTestExecutionListener@264f218, org.springframework.boot.test.mock.mockito.ResetMocksTestExecutionListener@3576ddc2, org.springframework.boot.test.autoconfigure.restdocs.RestDocsTestExecutionListener@35b74c5c, org.springframework.boot.test.autoconfigure.web.client.MockRestServiceServerResetTestExecutionListener@2e570ded, org.springframework.boot.test.autoconfigure.web.servlet.MockMvcPrintOnlyOnFailureTestExecutionListener@b86de0d, org.springframework.boot.test.autoconfigure.web.servlet.WebDriverTestExecutionListener@81d9a72]
[15:01:43:735] [INFO] - org.springframework.boot.StartupInfoLogger.logStarting(StartupInfoLogger.java:55) - Starting FileControllerTest on DESKTOP-EQAA4OH with PID 11592 (started by hkk in C:\Users\hkk\Desktop\demo)
[15:01:43:738] [INFO] - org.springframework.boot.SpringApplication.logStartupProfileInfo(SpringApplication.java:651) - No active profile set, falling back to default profiles: default
[15:01:44:305] [INFO] - org.springframework.data.repository.config.RepositoryConfigurationDelegate.registerRepositoriesIn(RepositoryConfigurationDelegate.java:127) - Bootstrapping Spring Data JPA repositories in DEFAULT mode.
[15:01:44:374] [INFO] - org.springframework.data.repository.config.RepositoryConfigurationDelegate.registerRepositoriesIn(RepositoryConfigurationDelegate.java:187) - Finished Spring Data repository scanning in 57ms. Found 1 JPA repository interfaces.
[15:01:45:094] [INFO] - org.springframework.boot.web.embedded.tomcat.TomcatWebServer.initialize(TomcatWebServer.java:92) - Tomcat initialized with port(s): 0 (http)
[15:01:45:106] [INFO] - org.apache.juli.logging.DirectJDKLog.log(DirectJDKLog.java:173) - Initializing ProtocolHandler ["http-nio-auto-1"]
[15:01:45:107] [INFO] - org.apache.juli.logging.DirectJDKLog.log(DirectJDKLog.java:173) - Starting service [Tomcat]
[15:01:45:107] [INFO] - org.apache.juli.logging.DirectJDKLog.log(DirectJDKLog.java:173) - Starting Servlet engine: [Apache Tomcat/9.0.33]
[15:01:45:237] [INFO] - org.apache.juli.logging.DirectJDKLog.log(DirectJDKLog.java:173) - Initializing Spring embedded WebApplicationContext
[15:01:45:238] [INFO] - org.springframework.boot.web.servlet.context.ServletWebServerApplicationContext.prepareWebApplicationContext(ServletWebServerApplicationContext.java:284) - Root WebApplicationContext: initialization completed in 1477 ms
[15:01:45:441] [INFO] - com.zaxxer.hikari.HikariDataSource.getConnection(HikariDataSource.java:110) - HikariPool-1 - Starting...
[15:01:45:597] [INFO] - com.zaxxer.hikari.HikariDataSource.getConnection(HikariDataSource.java:123) - HikariPool-1 - Start completed.
[15:01:45:659] [INFO] - org.hibernate.jpa.internal.util.LogHelper.logPersistenceUnitInformation(LogHelper.java:31) - HHH000204: Processing PersistenceUnitInfo [name: default]
[15:01:45:771] [INFO] - org.hibernate.Version.logVersion(Version.java:44) - HHH000412: Hibernate ORM core version 5.4.12.Final
[15:01:45:925] [INFO] - org.hibernate.annotations.common.reflection.java.JavaReflectionManager.<clinit>(JavaReflectionManager.java:49) - HCANN000001: Hibernate Commons Annotations {5.1.0.Final}
[15:01:46:071] [INFO] - org.hibernate.dialect.Dialect.<init>(Dialect.java:172) - HHH000400: Using dialect: org.hibernate.dialect.MySQL8Dialect
[15:01:46:713] [INFO] - org.hibernate.engine.transaction.jta.platform.internal.JtaPlatformInitiator.initiateService(JtaPlatformInitiator.java:52) - HHH000490: Using JtaPlatform implementation: [org.hibernate.engine.transaction.jta.platform.internal.NoJtaPlatform]
[15:01:46:723] [INFO] - org.springframework.orm.jpa.AbstractEntityManagerFactoryBean.buildNativeEntityManagerFactory(AbstractEntityManagerFactoryBean.java:416) - Initialized JPA EntityManagerFactory for persistence unit 'default'
[15:01:47:117] [WARN] - org.springframework.boot.autoconfigure.orm.jpa.JpaBaseConfiguration$JpaWebConfiguration.openEntityManagerInViewInterceptor(JpaBaseConfiguration.java:220) - spring.jpa.open-in-view is enabled by default. Therefore, database queries may be performed during view rendering. Explicitly configure spring.jpa.open-in-view to disable this warning
[15:01:47:374] [INFO] - org.springframework.scheduling.concurrent.ExecutorConfigurationSupport.initialize(ExecutorConfigurationSupport.java:181) - Initializing ExecutorService 'applicationTaskExecutor'
[15:01:47:842] [INFO] - org.apache.juli.logging.DirectJDKLog.log(DirectJDKLog.java:173) - Starting ProtocolHandler ["http-nio-auto-1"]
[15:01:47:868] [INFO] - org.springframework.boot.web.embedded.tomcat.TomcatWebServer.start(TomcatWebServer.java:204) - Tomcat started on port(s): 61155 (http) with context path ''
[15:01:47:870] [INFO] - org.springframework.boot.StartupInfoLogger.logStarted(StartupInfoLogger.java:61) - Started FileControllerTest in 4.449 seconds (JVM running for 6.919)
[15:01:47:932] [INFO] - org.apache.juli.logging.DirectJDKLog.log(DirectJDKLog.java:173) - Initializing Spring TestDispatcherServlet ''
[15:01:47:933] [INFO] - org.springframework.web.servlet.FrameworkServlet.initServletBean(FrameworkServlet.java:525) - Initializing Servlet ''
[15:01:47:950] [INFO] - org.springframework.web.servlet.FrameworkServlet.initServletBean(FrameworkServlet.java:547) - Completed initialization in 16 ms
[15:01:48:119] [INFO] - org.springframework.scheduling.concurrent.ExecutorConfigurationSupport.shutdown(ExecutorConfigurationSupport.java:218) - Shutting down ExecutorService 'applicationTaskExecutor'
[15:01:48:121] [INFO] - org.springframework.orm.jpa.AbstractEntityManagerFactoryBean.destroy(AbstractEntityManagerFactoryBean.java:598) - Closing JPA EntityManagerFactory for persistence unit 'default'
[15:01:48:123] [INFO] - com.zaxxer.hikari.HikariDataSource.close(HikariDataSource.java:350) - HikariPool-1 - Shutdown initiated...
[15:01:48:137] [INFO] - com.zaxxer.hikari.HikariDataSource.close(HikariDataSource.java:352) - HikariPool-1 - Shutdown completed.
[15:03:03:752] [INFO] - org.springframework.test.context.support.AbstractTestContextBootstrapper.buildDefaultMergedContextConfiguration(AbstractTestContextBootstrapper.java:308) - Neither @ContextConfiguration nor @ContextHierarchy found for test class [com.example.demo.FileControllerTest], using SpringBootContextLoader
[15:03:03:761] [INFO] - org.springframework.test.context.support.AbstractContextLoader.generateDefaultLocations(AbstractContextLoader.java:264) - Could not detect default resource locations for test class [com.example.demo.FileControllerTest]: no resource found for suffixes {-context.xml, Context.groovy}.
[15:03:03:762] [INFO] - org.springframework.test.context.support.AnnotationConfigContextLoaderUtils.detectDefaultConfigurationClasses(AnnotationConfigContextLoaderUtils.java:83) - Could not detect default configuration classes for test class [com.example.demo.FileControllerTest]: FileControllerTest does not declare any static, non-private, non-final, nested classes annotated with @Configuration.
[15:03:03:888] [INFO] - org.springframework.boot.test.context.SpringBootTestContextBootstrapper.getOrFindConfigurationClasses(SpringBootTestContextBootstrapper.java:235) - Found @SpringBootConfiguration com.example.demo.DemoApplication for test class com.example.demo.FileControllerTest
[15:03:03:987] [INFO] - org.springframework.test.context.support.AbstractTestContextBootstrapper.getDefaultTestExecutionListenerClassNames(AbstractTestContextBootstrapper.java:248) - Loaded default TestExecutionListener class names from location [META-INF/spring.factories]: [org.springframework.boot.test.mock.mockito.MockitoTestExecutionListener, org.springframework.boot.test.mock.mockito.ResetMocksTestExecutionListener, org.springframework.boot.test.autoconfigure.restdocs.RestDocsTestExecutionListener, org.springframework.boot.test.autoconfigure.web.client.MockRestServiceServerResetTestExecutionListener, org.springframework.boot.test.autoconfigure.web.servlet.MockMvcPrintOnlyOnFailureTestExecutionListener, org.springframework.boot.test.autoconfigure.web.servlet.WebDriverTestExecutionListener, org.springframework.test.context.web.ServletTestExecutionListener, org.springframework.test.context.support.DirtiesContextBeforeModesTestExecutionListener, org.springframework.test.context.support.DependencyInjectionTestExecutionListener, org.springframework.test.context.support.DirtiesContextTestExecutionListener, org.springframework.test.context.transaction.TransactionalTestExecutionListener, org.springframework.test.context.jdbc.SqlScriptsTestExecutionListener, org.springframework.test.context.event.EventPublishingTestExecutionListener]
[15:03:04:004] [INFO] - org.springframework.test.context.support.AbstractTestContextBootstrapper.getTestExecutionListeners(AbstractTestContextBootstrapper.java:177) - Using TestExecutionListeners: [org.springframework.test.context.web.ServletTestExecutionListener@21d03963, org.springframework.test.context.support.DirtiesContextBeforeModesTestExecutionListener@1f760b47, org.springframework.boot.test.mock.mockito.MockitoTestExecutionListener@18ece7f4, org.springframework.boot.test.autoconfigure.SpringBootDependencyInjectionTestExecutionListener@3cce57c7, org.springframework.test.context.support.DirtiesContextTestExecutionListener@1cf56a1c, org.springframework.test.context.transaction.TransactionalTestExecutionListener@33f676f6, org.springframework.test.context.jdbc.SqlScriptsTestExecutionListener@4c5ae43b, org.springframework.test.context.event.EventPublishingTestExecutionListener@264f218, org.springframework.boot.test.mock.mockito.ResetMocksTestExecutionListener@3576ddc2, org.springframework.boot.test.autoconfigure.restdocs.RestDocsTestExecutionListener@35b74c5c, org.springframework.boot.test.autoconfigure.web.client.MockRestServiceServerResetTestExecutionListener@2e570ded, org.springframework.boot.test.autoconfigure.web.servlet.MockMvcPrintOnlyOnFailureTestExecutionListener@b86de0d, org.springframework.boot.test.autoconfigure.web.servlet.WebDriverTestExecutionListener@81d9a72]
[15:03:04:352] [INFO] - org.springframework.boot.StartupInfoLogger.logStarting(StartupInfoLogger.java:55) - Starting FileControllerTest on DESKTOP-EQAA4OH with PID 9320 (started by hkk in C:\Users\hkk\Desktop\demo)
[15:03:04:355] [INFO] - org.springframework.boot.SpringApplication.logStartupProfileInfo(SpringApplication.java:651) - No active profile set, falling back to default profiles: default
[15:03:04:918] [INFO] - org.springframework.data.repository.config.RepositoryConfigurationDelegate.registerRepositoriesIn(RepositoryConfigurationDelegate.java:127) - Bootstrapping Spring Data JPA repositories in DEFAULT mode.
[15:03:04:979] [INFO] - org.springframework.data.repository.config.RepositoryConfigurationDelegate.registerRepositoriesIn(RepositoryConfigurationDelegate.java:187) - Finished Spring Data repository scanning in 53ms. Found 1 JPA repository interfaces.
[15:03:05:708] [INFO] - org.springframework.boot.web.embedded.tomcat.TomcatWebServer.initialize(TomcatWebServer.java:92) - Tomcat initialized with port(s): 0 (http)
[15:03:05:720] [INFO] - org.apache.juli.logging.DirectJDKLog.log(DirectJDKLog.java:173) - Initializing ProtocolHandler ["http-nio-auto-1"]
[15:03:05:721] [INFO] - org.apache.juli.logging.DirectJDKLog.log(DirectJDKLog.java:173) - Starting service [Tomcat]
[15:03:05:721] [INFO] - org.apache.juli.logging.DirectJDKLog.log(DirectJDKLog.java:173) - Starting Servlet engine: [Apache Tomcat/9.0.33]
[15:03:05:862] [INFO] - org.apache.juli.logging.DirectJDKLog.log(DirectJDKLog.java:173) - Initializing Spring embedded WebApplicationContext
[15:03:05:863] [INFO] - org.springframework.boot.web.servlet.context.ServletWebServerApplicationContext.prepareWebApplicationContext(ServletWebServerApplicationContext.java:284) - Root WebApplicationContext: initialization completed in 1487 ms
[15:03:06:066] [INFO] - com.zaxxer.hikari.HikariDataSource.getConnection(HikariDataSource.java:110) - HikariPool-1 - Starting...
[15:03:06:237] [INFO] - com.zaxxer.hikari.HikariDataSource.getConnection(HikariDataSource.java:123) - HikariPool-1 - Start completed.
[15:03:06:299] [INFO] - org.hibernate.jpa.internal.util.LogHelper.logPersistenceUnitInformation(LogHelper.java:31) - HHH000204: Processing PersistenceUnitInfo [name: default]
[15:03:06:391] [INFO] - org.hibernate.Version.logVersion(Version.java:44) - HHH000412: Hibernate ORM core version 5.4.12.Final
[15:03:06:561] [INFO] - org.hibernate.annotations.common.reflection.java.JavaReflectionManager.<clinit>(JavaReflectionManager.java:49) - HCANN000001: Hibernate Commons Annotations {5.1.0.Final}
[15:03:06:703] [INFO] - org.hibernate.dialect.Dialect.<init>(Dialect.java:172) - HHH000400: Using dialect: org.hibernate.dialect.MySQL8Dialect
[15:03:07:341] [INFO] - org.hibernate.engine.transaction.jta.platform.internal.JtaPlatformInitiator.initiateService(JtaPlatformInitiator.java:52) - HHH000490: Using JtaPlatform implementation: [org.hibernate.engine.transaction.jta.platform.internal.NoJtaPlatform]
[15:03:07:351] [INFO] - org.springframework.orm.jpa.AbstractEntityManagerFactoryBean.buildNativeEntityManagerFactory(AbstractEntityManagerFactoryBean.java:416) - Initialized JPA EntityManagerFactory for persistence unit 'default'
[15:03:07:702] [WARN] - org.springframework.boot.autoconfigure.orm.jpa.JpaBaseConfiguration$JpaWebConfiguration.openEntityManagerInViewInterceptor(JpaBaseConfiguration.java:220) - spring.jpa.open-in-view is enabled by default. Therefore, database queries may be performed during view rendering. Explicitly configure spring.jpa.open-in-view to disable this warning
[15:03:07:936] [INFO] - org.springframework.scheduling.concurrent.ExecutorConfigurationSupport.initialize(ExecutorConfigurationSupport.java:181) - Initializing ExecutorService 'applicationTaskExecutor'
[15:03:08:410] [INFO] - org.apache.juli.logging.DirectJDKLog.log(DirectJDKLog.java:173) - Starting ProtocolHandler ["http-nio-auto-1"]
[15:03:08:434] [INFO] - org.springframework.boot.web.embedded.tomcat.TomcatWebServer.start(TomcatWebServer.java:204) - Tomcat started on port(s): 61205 (http) with context path ''
[15:03:08:436] [INFO] - org.springframework.boot.StartupInfoLogger.logStarted(StartupInfoLogger.java:61) - Started FileControllerTest in 4.394 seconds (JVM running for 6.934)
[15:03:08:493] [INFO] - org.apache.juli.logging.DirectJDKLog.log(DirectJDKLog.java:173) - Initializing Spring TestDispatcherServlet ''
[15:03:08:493] [INFO] - org.springframework.web.servlet.FrameworkServlet.initServletBean(FrameworkServlet.java:525) - Initializing Servlet ''
[15:03:08:508] [INFO] - org.springframework.web.servlet.FrameworkServlet.initServletBean(FrameworkServlet.java:547) - Completed initialization in 15 ms
[15:03:08:681] [INFO] - org.springframework.scheduling.concurrent.ExecutorConfigurationSupport.shutdown(ExecutorConfigurationSupport.java:218) - Shutting down ExecutorService 'applicationTaskExecutor'
[15:03:08:682] [INFO] - org.springframework.orm.jpa.AbstractEntityManagerFactoryBean.destroy(AbstractEntityManagerFactoryBean.java:598) - Closing JPA EntityManagerFactory for persistence unit 'default'
[15:03:08:684] [INFO] - com.zaxxer.hikari.HikariDataSource.close(HikariDataSource.java:350) - HikariPool-1 - Shutdown initiated...
[15:03:08:695] [INFO] - com.zaxxer.hikari.HikariDataSource.close(HikariDataSource.java:352) - HikariPool-1 - Shutdown completed.
[15:04:05:098] [INFO] - org.springframework.test.context.support.AbstractTestContextBootstrapper.buildDefaultMergedContextConfiguration(AbstractTestContextBootstrapper.java:308) - Neither @ContextConfiguration nor @ContextHierarchy found for test class [com.example.demo.FileControllerTest], using SpringBootContextLoader
[15:04:05:107] [INFO] - org.springframework.test.context.support.AbstractContextLoader.generateDefaultLocations(AbstractContextLoader.java:264) - Could not detect default resource locations for test class [com.example.demo.FileControllerTest]: no resource found for suffixes {-context.xml, Context.groovy}.
[15:04:05:108] [INFO] - org.springframework.test.context.support.AnnotationConfigContextLoaderUtils.detectDefaultConfigurationClasses(AnnotationConfigContextLoaderUtils.java:83) - Could not detect default configuration classes for test class [com.example.demo.FileControllerTest]: FileControllerTest does not declare any static, non-private, non-final, nested classes annotated with @Configuration.
[15:04:05:243] [INFO] - org.springframework.boot.test.context.SpringBootTestContextBootstrapper.getOrFindConfigurationClasses(SpringBootTestContextBootstrapper.java:235) - Found @SpringBootConfiguration com.example.demo.DemoApplication for test class com.example.demo.FileControllerTest
[15:04:05:342] [INFO] - org.springframework.test.context.support.AbstractTestContextBootstrapper.getDefaultTestExecutionListenerClassNames(AbstractTestContextBootstrapper.java:248) - Loaded default TestExecutionListener class names from location [META-INF/spring.factories]: [org.springframework.boot.test.mock.mockito.MockitoTestExecutionListener, org.springframework.boot.test.mock.mockito.ResetMocksTestExecutionListener, org.springframework.boot.test.autoconfigure.restdocs.RestDocsTestExecutionListener, org.springframework.boot.test.autoconfigure.web.client.MockRestServiceServerResetTestExecutionListener, org.springframework.boot.test.autoconfigure.web.servlet.MockMvcPrintOnlyOnFailureTestExecutionListener, org.springframework.boot.test.autoconfigure.web.servlet.WebDriverTestExecutionListener, org.springframework.test.context.web.ServletTestExecutionListener, org.springframework.test.context.support.DirtiesContextBeforeModesTestExecutionListener, org.springframework.test.context.support.DependencyInjectionTestExecutionListener, org.springframework.test.context.support.DirtiesContextTestExecutionListener, org.springframework.test.context.transaction.TransactionalTestExecutionListener, org.springframework.test.context.jdbc.SqlScriptsTestExecutionListener, org.springframework.test.context.event.EventPublishingTestExecutionListener]
[15:04:05:359] [INFO] - org.springframework.test.context.support.AbstractTestContextBootstrapper.getTestExecutionListeners(AbstractTestContextBootstrapper.java:177) - Using TestExecutionListeners: [org.springframework.test.context.web.ServletTestExecutionListener@3f1d2e23, org.springframework.test.context.support.DirtiesContextBeforeModesTestExecutionListener@536dbea0, org.springframework.boot.test.mock.mockito.MockitoTestExecutionListener@47c81abf, org.springframework.boot.test.autoconfigure.SpringBootDependencyInjectionTestExecutionListener@776a6d9b, org.springframework.test.context.support.DirtiesContextTestExecutionListener@21d03963, org.springframework.test.context.transaction.TransactionalTestExecutionListener@1f760b47, org.springframework.test.context.jdbc.SqlScriptsTestExecutionListener@18ece7f4, org.springframework.test.context.event.EventPublishingTestExecutionListener@3cce57c7, org.springframework.boot.test.mock.mockito.ResetMocksTestExecutionListener@1cf56a1c, org.springframework.boot.test.autoconfigure.restdocs.RestDocsTestExecutionListener@33f676f6, org.springframework.boot.test.autoconfigure.web.client.MockRestServiceServerResetTestExecutionListener@4c5ae43b, org.springframework.boot.test.autoconfigure.web.servlet.MockMvcPrintOnlyOnFailureTestExecutionListener@264f218, org.springframework.boot.test.autoconfigure.web.servlet.WebDriverTestExecutionListener@3576ddc2]
[15:04:05:722] [INFO] - org.springframework.boot.StartupInfoLogger.logStarting(StartupInfoLogger.java:55) - Starting FileControllerTest on DESKTOP-EQAA4OH with PID 10252 (started by hkk in C:\Users\hkk\Desktop\demo)
[15:04:05:726] [INFO] - org.springframework.boot.SpringApplication.logStartupProfileInfo(SpringApplication.java:651) - No active profile set, falling back to default profiles: default
[15:04:06:304] [INFO] - org.springframework.data.repository.config.RepositoryConfigurationDelegate.registerRepositoriesIn(RepositoryConfigurationDelegate.java:127) - Bootstrapping Spring Data JPA repositories in DEFAULT mode.
[15:04:06:374] [INFO] - org.springframework.data.repository.config.RepositoryConfigurationDelegate.registerRepositoriesIn(RepositoryConfigurationDelegate.java:187) - Finished Spring Data repository scanning in 60ms. Found 1 JPA repository interfaces.
[15:04:07:112] [INFO] - org.springframework.boot.web.embedded.tomcat.TomcatWebServer.initialize(TomcatWebServer.java:92) - Tomcat initialized with port(s): 0 (http)
[15:04:07:125] [INFO] - org.apache.juli.logging.DirectJDKLog.log(DirectJDKLog.java:173) - Initializing ProtocolHandler ["http-nio-auto-1"]
[15:04:07:126] [INFO] - org.apache.juli.logging.DirectJDKLog.log(DirectJDKLog.java:173) - Starting service [Tomcat]
[15:04:07:126] [INFO] - org.apache.juli.logging.DirectJDKLog.log(DirectJDKLog.java:173) - Starting Servlet engine: [Apache Tomcat/9.0.33]
[15:04:07:263] [INFO] - org.apache.juli.logging.DirectJDKLog.log(DirectJDKLog.java:173) - Initializing Spring embedded WebApplicationContext
[15:04:07:264] [INFO] - org.springframework.boot.web.servlet.context.ServletWebServerApplicationContext.prepareWebApplicationContext(ServletWebServerApplicationContext.java:284) - Root WebApplicationContext: initialization completed in 1515 ms
[15:04:07:466] [INFO] - com.zaxxer.hikari.HikariDataSource.getConnection(HikariDataSource.java:110) - HikariPool-1 - Starting...
[15:04:07:634] [INFO] - com.zaxxer.hikari.HikariDataSource.getConnection(HikariDataSource.java:123) - HikariPool-1 - Start completed.
[15:04:07:698] [INFO] - org.hibernate.jpa.internal.util.LogHelper.logPersistenceUnitInformation(LogHelper.java:31) - HHH000204: Processing PersistenceUnitInfo [name: default]
[15:04:07:805] [INFO] - org.hibernate.Version.logVersion(Version.java:44) - HHH000412: Hibernate ORM core version 5.4.12.Final
[15:04:07:971] [INFO] - org.hibernate.annotations.common.reflection.java.JavaReflectionManager.<clinit>(JavaReflectionManager.java:49) - HCANN000001: Hibernate Commons Annotations {5.1.0.Final}
[15:04:08:118] [INFO] - org.hibernate.dialect.Dialect.<init>(Dialect.java:172) - HHH000400: Using dialect: org.hibernate.dialect.MySQL8Dialect
[15:04:08:773] [INFO] - org.hibernate.engine.transaction.jta.platform.internal.JtaPlatformInitiator.initiateService(JtaPlatformInitiator.java:52) - HHH000490: Using JtaPlatform implementation: [org.hibernate.engine.transaction.jta.platform.internal.NoJtaPlatform]
[15:04:08:782] [INFO] - org.springframework.orm.jpa.AbstractEntityManagerFactoryBean.buildNativeEntityManagerFactory(AbstractEntityManagerFactoryBean.java:416) - Initialized JPA EntityManagerFactory for persistence unit 'default'
[15:04:09:168] [WARN] - org.springframework.boot.autoconfigure.orm.jpa.JpaBaseConfiguration$JpaWebConfiguration.openEntityManagerInViewInterceptor(JpaBaseConfiguration.java:220) - spring.jpa.open-in-view is enabled by default. Therefore, database queries may be performed during view rendering. Explicitly configure spring.jpa.open-in-view to disable this warning
[15:04:09:434] [INFO] - org.springframework.scheduling.concurrent.ExecutorConfigurationSupport.initialize(ExecutorConfigurationSupport.java:181) - Initializing ExecutorService 'applicationTaskExecutor'
[15:04:09:930] [INFO] - org.apache.juli.logging.DirectJDKLog.log(DirectJDKLog.java:173) - Starting ProtocolHandler ["http-nio-auto-1"]
[15:04:09:959] [INFO] - org.springframework.boot.web.embedded.tomcat.TomcatWebServer.start(TomcatWebServer.java:204) - Tomcat started on port(s): 61251 (http) with context path ''
[15:04:09:962] [INFO] - org.springframework.boot.StartupInfoLogger.logStarted(StartupInfoLogger.java:61) - Started FileControllerTest in 4.564 seconds (JVM running for 7.078)
[15:04:10:022] [INFO] - org.apache.juli.logging.DirectJDKLog.log(DirectJDKLog.java:173) - Initializing Spring TestDispatcherServlet ''
[15:04:10:022] [INFO] - org.springframework.web.servlet.FrameworkServlet.initServletBean(FrameworkServlet.java:525) - Initializing Servlet ''
[15:04:10:036] [INFO] - org.springframework.web.servlet.FrameworkServlet.initServletBean(FrameworkServlet.java:547) - Completed initialization in 13 ms
[15:04:10:144] [DEBUG] - org.hibernate.engine.jdbc.spi.SqlStatementLogger.logStatement(SqlStatementLogger.java:127) - 
    select
        opnfiledo0_.id as id1_0_0_ 
    from
        opn_file opnfiledo0_ 
    where
        opnfiledo0_.id=?
[15:04:10:170] [TRACE] - org.hibernate.type.descriptor.sql.BasicBinder.bind(BasicBinder.java:64) - binding parameter [1] as [VARCHAR] - [14247]
[15:04:10:228] [INFO] - org.springframework.scheduling.concurrent.ExecutorConfigurationSupport.shutdown(ExecutorConfigurationSupport.java:218) - Shutting down ExecutorService 'applicationTaskExecutor'
[15:04:10:230] [INFO] - org.springframework.orm.jpa.AbstractEntityManagerFactoryBean.destroy(AbstractEntityManagerFactoryBean.java:598) - Closing JPA EntityManagerFactory for persistence unit 'default'
[15:04:10:232] [INFO] - com.zaxxer.hikari.HikariDataSource.close(HikariDataSource.java:350) - HikariPool-1 - Shutdown initiated...
[15:04:10:244] [INFO] - com.zaxxer.hikari.HikariDataSource.close(HikariDataSource.java:352) - HikariPool-1 - Shutdown completed.
[15:15:02:363] [INFO] - org.springframework.test.context.support.AbstractTestContextBootstrapper.buildDefaultMergedContextConfiguration(AbstractTestContextBootstrapper.java:308) - Neither @ContextConfiguration nor @ContextHierarchy found for test class [com.example.demo.FileControllerTest], using SpringBootContextLoader
[15:15:02:372] [INFO] - org.springframework.test.context.support.AbstractContextLoader.generateDefaultLocations(AbstractContextLoader.java:264) - Could not detect default resource locations for test class [com.example.demo.FileControllerTest]: no resource found for suffixes {-context.xml, Context.groovy}.
[15:15:02:373] [INFO] - org.springframework.test.context.support.AnnotationConfigContextLoaderUtils.detectDefaultConfigurationClasses(AnnotationConfigContextLoaderUtils.java:83) - Could not detect default configuration classes for test class [com.example.demo.FileControllerTest]: FileControllerTest does not declare any static, non-private, non-final, nested classes annotated with @Configuration.
[15:15:02:497] [INFO] - org.springframework.boot.test.context.SpringBootTestContextBootstrapper.getOrFindConfigurationClasses(SpringBootTestContextBootstrapper.java:235) - Found @SpringBootConfiguration com.example.demo.DemoApplication for test class com.example.demo.FileControllerTest
[15:15:02:596] [INFO] - org.springframework.test.context.support.AbstractTestContextBootstrapper.getDefaultTestExecutionListenerClassNames(AbstractTestContextBootstrapper.java:248) - Loaded default TestExecutionListener class names from location [META-INF/spring.factories]: [org.springframework.boot.test.mock.mockito.MockitoTestExecutionListener, org.springframework.boot.test.mock.mockito.ResetMocksTestExecutionListener, org.springframework.boot.test.autoconfigure.restdocs.RestDocsTestExecutionListener, org.springframework.boot.test.autoconfigure.web.client.MockRestServiceServerResetTestExecutionListener, org.springframework.boot.test.autoconfigure.web.servlet.MockMvcPrintOnlyOnFailureTestExecutionListener, org.springframework.boot.test.autoconfigure.web.servlet.WebDriverTestExecutionListener, org.springframework.test.context.web.ServletTestExecutionListener, org.springframework.test.context.support.DirtiesContextBeforeModesTestExecutionListener, org.springframework.test.context.support.DependencyInjectionTestExecutionListener, org.springframework.test.context.support.DirtiesContextTestExecutionListener, org.springframework.test.context.transaction.TransactionalTestExecutionListener, org.springframework.test.context.jdbc.SqlScriptsTestExecutionListener, org.springframework.test.context.event.EventPublishingTestExecutionListener]
[15:15:02:613] [INFO] - org.springframework.test.context.support.AbstractTestContextBootstrapper.getTestExecutionListeners(AbstractTestContextBootstrapper.java:177) - Using TestExecutionListeners: [org.springframework.test.context.web.ServletTestExecutionListener@3f1d2e23, org.springframework.test.context.support.DirtiesContextBeforeModesTestExecutionListener@536dbea0, org.springframework.boot.test.mock.mockito.MockitoTestExecutionListener@47c81abf, org.springframework.boot.test.autoconfigure.SpringBootDependencyInjectionTestExecutionListener@776a6d9b, org.springframework.test.context.support.DirtiesContextTestExecutionListener@21d03963, org.springframework.test.context.transaction.TransactionalTestExecutionListener@1f760b47, org.springframework.test.context.jdbc.SqlScriptsTestExecutionListener@18ece7f4, org.springframework.test.context.event.EventPublishingTestExecutionListener@3cce57c7, org.springframework.boot.test.mock.mockito.ResetMocksTestExecutionListener@1cf56a1c, org.springframework.boot.test.autoconfigure.restdocs.RestDocsTestExecutionListener@33f676f6, org.springframework.boot.test.autoconfigure.web.client.MockRestServiceServerResetTestExecutionListener@4c5ae43b, org.springframework.boot.test.autoconfigure.web.servlet.MockMvcPrintOnlyOnFailureTestExecutionListener@264f218, org.springframework.boot.test.autoconfigure.web.servlet.WebDriverTestExecutionListener@3576ddc2]
[15:15:02:965] [INFO] - org.springframework.boot.StartupInfoLogger.logStarting(StartupInfoLogger.java:55) - Starting FileControllerTest on DESKTOP-EQAA4OH with PID 5088 (started by hkk in C:\Users\hkk\Desktop\demo)
[15:15:02:969] [INFO] - org.springframework.boot.SpringApplication.logStartupProfileInfo(SpringApplication.java:651) - No active profile set, falling back to default profiles: default
[15:15:03:546] [INFO] - org.springframework.data.repository.config.RepositoryConfigurationDelegate.registerRepositoriesIn(RepositoryConfigurationDelegate.java:127) - Bootstrapping Spring Data JPA repositories in DEFAULT mode.
[15:15:03:610] [INFO] - org.springframework.data.repository.config.RepositoryConfigurationDelegate.registerRepositoriesIn(RepositoryConfigurationDelegate.java:187) - Finished Spring Data repository scanning in 55ms. Found 1 JPA repository interfaces.
[15:15:04:348] [INFO] - org.springframework.boot.web.embedded.tomcat.TomcatWebServer.initialize(TomcatWebServer.java:92) - Tomcat initialized with port(s): 0 (http)
[15:15:04:360] [INFO] - org.apache.juli.logging.DirectJDKLog.log(DirectJDKLog.java:173) - Initializing ProtocolHandler ["http-nio-auto-1"]
[15:15:04:360] [INFO] - org.apache.juli.logging.DirectJDKLog.log(DirectJDKLog.java:173) - Starting service [Tomcat]
[15:15:04:361] [INFO] - org.apache.juli.logging.DirectJDKLog.log(DirectJDKLog.java:173) - Starting Servlet engine: [Apache Tomcat/9.0.33]
[15:15:04:501] [INFO] - org.apache.juli.logging.DirectJDKLog.log(DirectJDKLog.java:173) - Initializing Spring embedded WebApplicationContext
[15:15:04:502] [INFO] - org.springframework.boot.web.servlet.context.ServletWebServerApplicationContext.prepareWebApplicationContext(ServletWebServerApplicationContext.java:284) - Root WebApplicationContext: initialization completed in 1515 ms
[15:15:04:717] [INFO] - com.zaxxer.hikari.HikariDataSource.getConnection(HikariDataSource.java:110) - HikariPool-1 - Starting...
[15:15:04:877] [INFO] - net.sf.log4jdbc.Slf4jSpyLogDelegator.connectionOpened(Slf4jSpyLogDelegator.java:537) - 1. Connection opened
[15:15:04:878] [INFO] - net.sf.log4jdbc.Slf4jSpyLogDelegator.methodReturned(Slf4jSpyLogDelegator.java:162) - 1. Connection.new Connection returned 
[15:15:04:878] [INFO] - com.zaxxer.hikari.pool.PoolBase.getAndSetNetworkTimeout(PoolBase.java:531) - HikariPool-1 - Driver does not support get/set network timeout for connections. (net.sf.log4jdbc.ConnectionSpy.getNetworkTimeout()I)
[15:15:04:879] [INFO] - net.sf.log4jdbc.Slf4jSpyLogDelegator.methodReturned(Slf4jSpyLogDelegator.java:162) - 1. Connection.isReadOnly() returned false
[15:15:04:880] [INFO] - net.sf.log4jdbc.Slf4jSpyLogDelegator.methodReturned(Slf4jSpyLogDelegator.java:162) - 1. Connection.getAutoCommit() returned true
[15:15:04:881] [INFO] - net.sf.log4jdbc.Slf4jSpyLogDelegator.methodReturned(Slf4jSpyLogDelegator.java:162) - 1. Connection.isValid(1) returned true
[15:15:04:882] [INFO] - net.sf.log4jdbc.Slf4jSpyLogDelegator.methodReturned(Slf4jSpyLogDelegator.java:162) - 1. Connection.getTransactionIsolation() returned 2
[15:15:04:884] [INFO] - com.zaxxer.hikari.HikariDataSource.getConnection(HikariDataSource.java:123) - HikariPool-1 - Start completed.
[15:15:04:893] [INFO] - net.sf.log4jdbc.Slf4jSpyLogDelegator.methodReturned(Slf4jSpyLogDelegator.java:162) - 1. Connection.getMetaData() returned com.mysql.cj.jdbc.DatabaseMetaDataUsingInfoSchema@329bad59
[15:15:04:899] [INFO] - net.sf.log4jdbc.Slf4jSpyLogDelegator.methodReturned(Slf4jSpyLogDelegator.java:162) - 1. Connection.clearWarnings() returned 
[15:15:04:948] [INFO] - org.hibernate.jpa.internal.util.LogHelper.logPersistenceUnitInformation(LogHelper.java:31) - HHH000204: Processing PersistenceUnitInfo [name: default]
[15:15:04:992] [INFO] - net.sf.log4jdbc.Slf4jSpyLogDelegator.connectionOpened(Slf4jSpyLogDelegator.java:537) - 2. Connection opened
[15:15:04:992] [INFO] - net.sf.log4jdbc.Slf4jSpyLogDelegator.methodReturned(Slf4jSpyLogDelegator.java:162) - 2. Connection.new Connection returned 
[15:15:04:993] [INFO] - net.sf.log4jdbc.Slf4jSpyLogDelegator.methodReturned(Slf4jSpyLogDelegator.java:162) - 2. Connection.isReadOnly() returned false
[15:15:04:993] [INFO] - net.sf.log4jdbc.Slf4jSpyLogDelegator.methodReturned(Slf4jSpyLogDelegator.java:162) - 2. Connection.getAutoCommit() returned true
[15:15:04:999] [INFO] - net.sf.log4jdbc.Slf4jSpyLogDelegator.connectionOpened(Slf4jSpyLogDelegator.java:537) - 3. Connection opened
[15:15:05:000] [INFO] - net.sf.log4jdbc.Slf4jSpyLogDelegator.methodReturned(Slf4jSpyLogDelegator.java:162) - 3. Connection.new Connection returned 
[15:15:05:000] [INFO] - net.sf.log4jdbc.Slf4jSpyLogDelegator.methodReturned(Slf4jSpyLogDelegator.java:162) - 3. Connection.isReadOnly() returned false
[15:15:05:000] [INFO] - net.sf.log4jdbc.Slf4jSpyLogDelegator.methodReturned(Slf4jSpyLogDelegator.java:162) - 3. Connection.getAutoCommit() returned true
[15:15:05:006] [INFO] - net.sf.log4jdbc.Slf4jSpyLogDelegator.connectionOpened(Slf4jSpyLogDelegator.java:537) - 4. Connection opened
[15:15:05:006] [INFO] - net.sf.log4jdbc.Slf4jSpyLogDelegator.methodReturned(Slf4jSpyLogDelegator.java:162) - 4. Connection.new Connection returned 
[15:15:05:006] [INFO] - net.sf.log4jdbc.Slf4jSpyLogDelegator.methodReturned(Slf4jSpyLogDelegator.java:162) - 4. Connection.isReadOnly() returned false
[15:15:05:007] [INFO] - net.sf.log4jdbc.Slf4jSpyLogDelegator.methodReturned(Slf4jSpyLogDelegator.java:162) - 4. Connection.getAutoCommit() returned true
[15:15:05:011] [INFO] - net.sf.log4jdbc.Slf4jSpyLogDelegator.connectionOpened(Slf4jSpyLogDelegator.java:537) - 5. Connection opened
[15:15:05:012] [INFO] - net.sf.log4jdbc.Slf4jSpyLogDelegator.methodReturned(Slf4jSpyLogDelegator.java:162) - 5. Connection.new Connection returned 
[15:15:05:013] [INFO] - net.sf.log4jdbc.Slf4jSpyLogDelegator.methodReturned(Slf4jSpyLogDelegator.java:162) - 5. Connection.isReadOnly() returned false
[15:15:05:013] [INFO] - net.sf.log4jdbc.Slf4jSpyLogDelegator.methodReturned(Slf4jSpyLogDelegator.java:162) - 5. Connection.getAutoCommit() returned true
[15:15:05:019] [INFO] - net.sf.log4jdbc.Slf4jSpyLogDelegator.connectionOpened(Slf4jSpyLogDelegator.java:537) - 6. Connection opened
[15:15:05:019] [INFO] - net.sf.log4jdbc.Slf4jSpyLogDelegator.methodReturned(Slf4jSpyLogDelegator.java:162) - 6. Connection.new Connection returned 
[15:15:05:020] [INFO] - net.sf.log4jdbc.Slf4jSpyLogDelegator.methodReturned(Slf4jSpyLogDelegator.java:162) - 6. Connection.isReadOnly() returned false
[15:15:05:020] [INFO] - net.sf.log4jdbc.Slf4jSpyLogDelegator.methodReturned(Slf4jSpyLogDelegator.java:162) - 6. Connection.getAutoCommit() returned true
[15:15:05:025] [INFO] - net.sf.log4jdbc.Slf4jSpyLogDelegator.connectionOpened(Slf4jSpyLogDelegator.java:537) - 7. Connection opened
[15:15:05:025] [INFO] - net.sf.log4jdbc.Slf4jSpyLogDelegator.methodReturned(Slf4jSpyLogDelegator.java:162) - 7. Connection.new Connection returned 
[15:15:05:026] [INFO] - net.sf.log4jdbc.Slf4jSpyLogDelegator.methodReturned(Slf4jSpyLogDelegator.java:162) - 7. Connection.isReadOnly() returned false
[15:15:05:026] [INFO] - net.sf.log4jdbc.Slf4jSpyLogDelegator.methodReturned(Slf4jSpyLogDelegator.java:162) - 7. Connection.getAutoCommit() returned true
[15:15:05:032] [INFO] - net.sf.log4jdbc.Slf4jSpyLogDelegator.connectionOpened(Slf4jSpyLogDelegator.java:537) - 8. Connection opened
[15:15:05:032] [INFO] - net.sf.log4jdbc.Slf4jSpyLogDelegator.methodReturned(Slf4jSpyLogDelegator.java:162) - 8. Connection.new Connection returned 
[15:15:05:032] [INFO] - net.sf.log4jdbc.Slf4jSpyLogDelegator.methodReturned(Slf4jSpyLogDelegator.java:162) - 8. Connection.isReadOnly() returned false
[15:15:05:033] [INFO] - net.sf.log4jdbc.Slf4jSpyLogDelegator.methodReturned(Slf4jSpyLogDelegator.java:162) - 8. Connection.getAutoCommit() returned true
[15:15:05:038] [INFO] - net.sf.log4jdbc.Slf4jSpyLogDelegator.connectionOpened(Slf4jSpyLogDelegator.java:537) - 9. Connection opened
[15:15:05:038] [INFO] - net.sf.log4jdbc.Slf4jSpyLogDelegator.methodReturned(Slf4jSpyLogDelegator.java:162) - 9. Connection.new Connection returned 
[15:15:05:039] [INFO] - net.sf.log4jdbc.Slf4jSpyLogDelegator.methodReturned(Slf4jSpyLogDelegator.java:162) - 9. Connection.isReadOnly() returned false
[15:15:05:039] [INFO] - net.sf.log4jdbc.Slf4jSpyLogDelegator.methodReturned(Slf4jSpyLogDelegator.java:162) - 9. Connection.getAutoCommit() returned true
[15:15:05:042] [INFO] - org.hibernate.Version.logVersion(Version.java:44) - HHH000412: Hibernate ORM core version 5.4.12.Final
[15:15:05:044] [INFO] - net.sf.log4jdbc.Slf4jSpyLogDelegator.connectionOpened(Slf4jSpyLogDelegator.java:537) - 10. Connection opened
[15:15:05:044] [INFO] - net.sf.log4jdbc.Slf4jSpyLogDelegator.methodReturned(Slf4jSpyLogDelegator.java:162) - 10. Connection.new Connection returned 
[15:15:05:045] [INFO] - net.sf.log4jdbc.Slf4jSpyLogDelegator.methodReturned(Slf4jSpyLogDelegator.java:162) - 10. Connection.isReadOnly() returned false
[15:15:05:045] [INFO] - net.sf.log4jdbc.Slf4jSpyLogDelegator.methodReturned(Slf4jSpyLogDelegator.java:162) - 10. Connection.getAutoCommit() returned true
[15:15:05:220] [INFO] - org.hibernate.annotations.common.reflection.java.JavaReflectionManager.<clinit>(JavaReflectionManager.java:49) - HCANN000001: Hibernate Commons Annotations {5.1.0.Final}
[15:15:05:340] [INFO] - net.sf.log4jdbc.Slf4jSpyLogDelegator.methodReturned(Slf4jSpyLogDelegator.java:162) - 1. Connection.getMetaData() returned com.mysql.cj.jdbc.DatabaseMetaDataUsingInfoSchema@f25f48a
[15:15:05:342] [INFO] - net.sf.log4jdbc.Slf4jSpyLogDelegator.methodReturned(Slf4jSpyLogDelegator.java:162) - 1. Connection.getMetaData() returned com.mysql.cj.jdbc.DatabaseMetaDataUsingInfoSchema@b9d018b
[15:15:05:369] [INFO] - org.hibernate.dialect.Dialect.<init>(Dialect.java:172) - HHH000400: Using dialect: org.hibernate.dialect.MySQL8Dialect
[15:15:05:412] [INFO] - net.sf.log4jdbc.Slf4jSpyLogDelegator.methodReturned(Slf4jSpyLogDelegator.java:162) - 1. Connection.getCatalog() returned bmitest2
[15:15:05:434] [INFO] - net.sf.log4jdbc.Slf4jSpyLogDelegator.methodReturned(Slf4jSpyLogDelegator.java:162) - 1. Connection.getMetaData() returned com.mysql.cj.jdbc.DatabaseMetaDataUsingInfoSchema@15d0d6c9
[15:15:05:437] [INFO] - net.sf.log4jdbc.Slf4jSpyLogDelegator.methodReturned(Slf4jSpyLogDelegator.java:162) - 1. Connection.createClob() returned com.mysql.cj.jdbc.Clob@1ca3d25b
[15:15:05:438] [INFO] - net.sf.log4jdbc.Slf4jSpyLogDelegator.methodReturned(Slf4jSpyLogDelegator.java:162) - 1. Connection.clearWarnings() returned 
[15:15:06:008] [INFO] - org.hibernate.engine.transaction.jta.platform.internal.JtaPlatformInitiator.initiateService(JtaPlatformInitiator.java:52) - HHH000490: Using JtaPlatform implementation: [org.hibernate.engine.transaction.jta.platform.internal.NoJtaPlatform]
[15:15:06:017] [INFO] - org.springframework.orm.jpa.AbstractEntityManagerFactoryBean.buildNativeEntityManagerFactory(AbstractEntityManagerFactoryBean.java:416) - Initialized JPA EntityManagerFactory for persistence unit 'default'
[15:15:06:021] [INFO] - net.sf.log4jdbc.Slf4jSpyLogDelegator.methodReturned(Slf4jSpyLogDelegator.java:162) - 1. Connection.isValid(5) returned true
[15:15:06:021] [INFO] - net.sf.log4jdbc.Slf4jSpyLogDelegator.methodReturned(Slf4jSpyLogDelegator.java:162) - 1. Connection.getMetaData() returned com.mysql.cj.jdbc.DatabaseMetaDataUsingInfoSchema@4f64d9cb
[15:15:06:022] [INFO] - net.sf.log4jdbc.Slf4jSpyLogDelegator.methodReturned(Slf4jSpyLogDelegator.java:162) - 1. Connection.clearWarnings() returned 
[15:15:06:408] [WARN] - org.springframework.boot.autoconfigure.orm.jpa.JpaBaseConfiguration$JpaWebConfiguration.openEntityManagerInViewInterceptor(JpaBaseConfiguration.java:220) - spring.jpa.open-in-view is enabled by default. Therefore, database queries may be performed during view rendering. Explicitly configure spring.jpa.open-in-view to disable this warning
[15:15:06:654] [INFO] - org.springframework.scheduling.concurrent.ExecutorConfigurationSupport.initialize(ExecutorConfigurationSupport.java:181) - Initializing ExecutorService 'applicationTaskExecutor'
[15:15:07:124] [INFO] - org.apache.juli.logging.DirectJDKLog.log(DirectJDKLog.java:173) - Starting ProtocolHandler ["http-nio-auto-1"]
[15:15:07:147] [INFO] - org.springframework.boot.web.embedded.tomcat.TomcatWebServer.start(TomcatWebServer.java:204) - Tomcat started on port(s): 61610 (http) with context path ''
[15:15:07:149] [INFO] - org.springframework.boot.StartupInfoLogger.logStarted(StartupInfoLogger.java:61) - Started FileControllerTest in 4.5 seconds (JVM running for 7.065)
[15:15:07:217] [INFO] - org.apache.juli.logging.DirectJDKLog.log(DirectJDKLog.java:173) - Initializing Spring TestDispatcherServlet ''
[15:15:07:217] [INFO] - org.springframework.web.servlet.FrameworkServlet.initServletBean(FrameworkServlet.java:525) - Initializing Servlet ''
[15:15:07:233] [INFO] - org.springframework.web.servlet.FrameworkServlet.initServletBean(FrameworkServlet.java:547) - Completed initialization in 16 ms
[15:15:07:284] [INFO] - net.sf.log4jdbc.Slf4jSpyLogDelegator.methodReturned(Slf4jSpyLogDelegator.java:162) - 1. Connection.isValid(5) returned true
[15:15:07:285] [INFO] - net.sf.log4jdbc.Slf4jSpyLogDelegator.methodReturned(Slf4jSpyLogDelegator.java:162) - 1. Connection.getAutoCommit() returned true
[15:15:07:285] [INFO] - net.sf.log4jdbc.Slf4jSpyLogDelegator.methodReturned(Slf4jSpyLogDelegator.java:162) - 1. Connection.setAutoCommit(false) returned 
[15:15:07:336] [INFO] - net.sf.log4jdbc.Slf4jSpyLogDelegator.methodReturned(Slf4jSpyLogDelegator.java:162) - 1. PreparedStatement.new PreparedStatement returned 
[15:15:07:337] [INFO] - net.sf.log4jdbc.Slf4jSpyLogDelegator.methodReturned(Slf4jSpyLogDelegator.java:162) - 1. Connection.prepareStatement(select opnfiledo0_.id as id1_0_0_ from opn_file opnfiledo0_ where opnfiledo0_.id=?) returned net.sf.log4jdbc.PreparedStatementSpy@39acd1f1
[15:15:07:340] [INFO] - net.sf.log4jdbc.Slf4jSpyLogDelegator.methodReturned(Slf4jSpyLogDelegator.java:162) - 1. PreparedStatement.setString(1, "14247") returned 
[15:15:07:342] [INFO] - net.sf.log4jdbc.Slf4jSpyLogDelegator.sqlOccured(Slf4jSpyLogDelegator.java:226) - select opnfiledo0_.id as id1_0_0_ from opn_file opnfiledo0_ where opnfiledo0_.id='14247' 

[15:15:07:347] [INFO] - net.sf.log4jdbc.Slf4jSpyLogDelegator.sqlTimingOccured(Slf4jSpyLogDelegator.java:370) - select opnfiledo0_.id as id1_0_0_ from opn_file opnfiledo0_ where opnfiledo0_.id='14247' 
 {executed in 4 msec}
[15:15:07:352] [INFO] - net.sf.log4jdbc.Slf4jSpyLogDelegator.methodReturned(Slf4jSpyLogDelegator.java:162) - 1. ResultSet.new ResultSet returned 
[15:15:07:353] [INFO] - net.sf.log4jdbc.Slf4jSpyLogDelegator.methodReturned(Slf4jSpyLogDelegator.java:162) - 1. PreparedStatement.executeQuery() returned net.sf.log4jdbc.ResultSetSpy@27e21083
[15:15:07:355] [INFO] - net.sf.log4jdbc.Slf4jSpyLogDelegator.methodReturned(Slf4jSpyLogDelegator.java:162) - 1. ResultSet.next() returned true
[15:15:07:361] [INFO] - net.sf.log4jdbc.Slf4jSpyLogDelegator.methodReturned(Slf4jSpyLogDelegator.java:162) - 1. ResultSet.next() returned false
[15:15:07:364] [INFO] - net.sf.log4jdbc.Slf4jSpyLogDelegator.methodReturned(Slf4jSpyLogDelegator.java:162) - 1. ResultSet.close() returned 
[15:15:07:365] [INFO] - net.sf.log4jdbc.Slf4jSpyLogDelegator.methodReturned(Slf4jSpyLogDelegator.java:162) - 1. PreparedStatement.getMaxRows() returned 0
[15:15:07:365] [INFO] - net.sf.log4jdbc.Slf4jSpyLogDelegator.methodReturned(Slf4jSpyLogDelegator.java:162) - 1. PreparedStatement.getQueryTimeout() returned 0
[15:15:07:365] [INFO] - net.sf.log4jdbc.Slf4jSpyLogDelegator.methodReturned(Slf4jSpyLogDelegator.java:162) - 1. PreparedStatement.close() returned 
[15:15:07:373] [INFO] - net.sf.log4jdbc.Slf4jSpyLogDelegator.methodReturned(Slf4jSpyLogDelegator.java:162) - 1. Connection.commit() returned 
[15:15:07:374] [INFO] - net.sf.log4jdbc.Slf4jSpyLogDelegator.methodReturned(Slf4jSpyLogDelegator.java:162) - 1. Connection.setAutoCommit(true) returned 
[15:15:07:385] [INFO] - net.sf.log4jdbc.Slf4jSpyLogDelegator.methodReturned(Slf4jSpyLogDelegator.java:162) - 1. Connection.clearWarnings() returned 
[15:15:07:386] [INFO] - net.sf.log4jdbc.Slf4jSpyLogDelegator.methodReturned(Slf4jSpyLogDelegator.java:162) - 1. Connection.clearWarnings() returned 
[15:15:07:406] [INFO] - org.springframework.scheduling.concurrent.ExecutorConfigurationSupport.shutdown(ExecutorConfigurationSupport.java:218) - Shutting down ExecutorService 'applicationTaskExecutor'
[15:15:07:408] [INFO] - org.springframework.orm.jpa.AbstractEntityManagerFactoryBean.destroy(AbstractEntityManagerFactoryBean.java:598) - Closing JPA EntityManagerFactory for persistence unit 'default'
[15:15:07:410] [INFO] - com.zaxxer.hikari.HikariDataSource.close(HikariDataSource.java:350) - HikariPool-1 - Shutdown initiated...
[15:15:07:421] [INFO] - net.sf.log4jdbc.Slf4jSpyLogDelegator.connectionClosed(Slf4jSpyLogDelegator.java:556) - 1. Connection closed
[15:15:07:421] [INFO] - net.sf.log4jdbc.Slf4jSpyLogDelegator.methodReturned(Slf4jSpyLogDelegator.java:162) - 1. Connection.close() returned 
[15:15:07:422] [INFO] - net.sf.log4jdbc.Slf4jSpyLogDelegator.connectionClosed(Slf4jSpyLogDelegator.java:556) - 2. Connection closed
[15:15:07:422] [INFO] - net.sf.log4jdbc.Slf4jSpyLogDelegator.methodReturned(Slf4jSpyLogDelegator.java:162) - 2. Connection.close() returned 
[15:15:07:422] [INFO] - net.sf.log4jdbc.Slf4jSpyLogDelegator.connectionClosed(Slf4jSpyLogDelegator.java:556) - 3. Connection closed
[15:15:07:422] [INFO] - net.sf.log4jdbc.Slf4jSpyLogDelegator.methodReturned(Slf4jSpyLogDelegator.java:162) - 3. Connection.close() returned 
[15:15:07:423] [INFO] - net.sf.log4jdbc.Slf4jSpyLogDelegator.connectionClosed(Slf4jSpyLogDelegator.java:556) - 4. Connection closed
[15:15:07:423] [INFO] - net.sf.log4jdbc.Slf4jSpyLogDelegator.methodReturned(Slf4jSpyLogDelegator.java:162) - 4. Connection.close() returned 
[15:15:07:423] [INFO] - net.sf.log4jdbc.Slf4jSpyLogDelegator.connectionClosed(Slf4jSpyLogDelegator.java:556) - 5. Connection closed
[15:15:07:423] [INFO] - net.sf.log4jdbc.Slf4jSpyLogDelegator.methodReturned(Slf4jSpyLogDelegator.java:162) - 5. Connection.close() returned 
[15:15:07:424] [INFO] - net.sf.log4jdbc.Slf4jSpyLogDelegator.connectionClosed(Slf4jSpyLogDelegator.java:556) - 6. Connection closed
[15:15:07:424] [INFO] - net.sf.log4jdbc.Slf4jSpyLogDelegator.methodReturned(Slf4jSpyLogDelegator.java:162) - 6. Connection.close() returned 
[15:15:07:425] [INFO] - net.sf.log4jdbc.Slf4jSpyLogDelegator.connectionClosed(Slf4jSpyLogDelegator.java:556) - 7. Connection closed
[15:15:07:425] [INFO] - net.sf.log4jdbc.Slf4jSpyLogDelegator.methodReturned(Slf4jSpyLogDelegator.java:162) - 7. Connection.close() returned 
[15:15:07:425] [INFO] - net.sf.log4jdbc.Slf4jSpyLogDelegator.connectionClosed(Slf4jSpyLogDelegator.java:556) - 8. Connection closed
[15:15:07:425] [INFO] - net.sf.log4jdbc.Slf4jSpyLogDelegator.methodReturned(Slf4jSpyLogDelegator.java:162) - 8. Connection.close() returned 
[15:15:07:426] [INFO] - net.sf.log4jdbc.Slf4jSpyLogDelegator.connectionClosed(Slf4jSpyLogDelegator.java:556) - 9. Connection closed
[15:15:07:426] [INFO] - net.sf.log4jdbc.Slf4jSpyLogDelegator.methodReturned(Slf4jSpyLogDelegator.java:162) - 9. Connection.close() returned 
[15:15:07:426] [INFO] - net.sf.log4jdbc.Slf4jSpyLogDelegator.connectionClosed(Slf4jSpyLogDelegator.java:556) - 10. Connection closed
[15:15:07:427] [INFO] - net.sf.log4jdbc.Slf4jSpyLogDelegator.methodReturned(Slf4jSpyLogDelegator.java:162) - 10. Connection.close() returned 
[15:15:07:427] [INFO] - com.zaxxer.hikari.HikariDataSource.close(HikariDataSource.java:352) - HikariPool-1 - Shutdown completed.
[15:20:50:523] [INFO] - org.springframework.test.context.support.AbstractTestContextBootstrapper.buildDefaultMergedContextConfiguration(AbstractTestContextBootstrapper.java:308) - Neither @ContextConfiguration nor @ContextHierarchy found for test class [com.example.demo.FileControllerTest], using SpringBootContextLoader
[15:20:50:532] [INFO] - org.springframework.test.context.support.AbstractContextLoader.generateDefaultLocations(AbstractContextLoader.java:264) - Could not detect default resource locations for test class [com.example.demo.FileControllerTest]: no resource found for suffixes {-context.xml, Context.groovy}.
[15:20:50:533] [INFO] - org.springframework.test.context.support.AnnotationConfigContextLoaderUtils.detectDefaultConfigurationClasses(AnnotationConfigContextLoaderUtils.java:83) - Could not detect default configuration classes for test class [com.example.demo.FileControllerTest]: FileControllerTest does not declare any static, non-private, non-final, nested classes annotated with @Configuration.
[15:20:50:657] [INFO] - org.springframework.boot.test.context.SpringBootTestContextBootstrapper.getOrFindConfigurationClasses(SpringBootTestContextBootstrapper.java:235) - Found @SpringBootConfiguration com.example.demo.DemoApplication for test class com.example.demo.FileControllerTest
[15:20:50:759] [INFO] - org.springframework.test.context.support.AbstractTestContextBootstrapper.getDefaultTestExecutionListenerClassNames(AbstractTestContextBootstrapper.java:248) - Loaded default TestExecutionListener class names from location [META-INF/spring.factories]: [org.springframework.boot.test.mock.mockito.MockitoTestExecutionListener, org.springframework.boot.test.mock.mockito.ResetMocksTestExecutionListener, org.springframework.boot.test.autoconfigure.restdocs.RestDocsTestExecutionListener, org.springframework.boot.test.autoconfigure.web.client.MockRestServiceServerResetTestExecutionListener, org.springframework.boot.test.autoconfigure.web.servlet.MockMvcPrintOnlyOnFailureTestExecutionListener, org.springframework.boot.test.autoconfigure.web.servlet.WebDriverTestExecutionListener, org.springframework.test.context.web.ServletTestExecutionListener, org.springframework.test.context.support.DirtiesContextBeforeModesTestExecutionListener, org.springframework.test.context.support.DependencyInjectionTestExecutionListener, org.springframework.test.context.support.DirtiesContextTestExecutionListener, org.springframework.test.context.transaction.TransactionalTestExecutionListener, org.springframework.test.context.jdbc.SqlScriptsTestExecutionListener, org.springframework.test.context.event.EventPublishingTestExecutionListener]
[15:20:50:776] [INFO] - org.springframework.test.context.support.AbstractTestContextBootstrapper.getTestExecutionListeners(AbstractTestContextBootstrapper.java:177) - Using TestExecutionListeners: [org.springframework.test.context.web.ServletTestExecutionListener@4c5ae43b, org.springframework.test.context.support.DirtiesContextBeforeModesTestExecutionListener@264f218, org.springframework.boot.test.mock.mockito.MockitoTestExecutionListener@3576ddc2, org.springframework.boot.test.autoconfigure.SpringBootDependencyInjectionTestExecutionListener@35b74c5c, org.springframework.test.context.support.DirtiesContextTestExecutionListener@2e570ded, org.springframework.test.context.transaction.TransactionalTestExecutionListener@b86de0d, org.springframework.test.context.jdbc.SqlScriptsTestExecutionListener@81d9a72, org.springframework.test.context.event.EventPublishingTestExecutionListener@747f281, org.springframework.boot.test.mock.mockito.ResetMocksTestExecutionListener@1169afe1, org.springframework.boot.test.autoconfigure.restdocs.RestDocsTestExecutionListener@2ca26d77, org.springframework.boot.test.autoconfigure.web.client.MockRestServiceServerResetTestExecutionListener@4808bc9b, org.springframework.boot.test.autoconfigure.web.servlet.MockMvcPrintOnlyOnFailureTestExecutionListener@70e38ce1, org.springframework.boot.test.autoconfigure.web.servlet.WebDriverTestExecutionListener@2ca923bb]
[15:20:51:135] [INFO] - org.springframework.boot.StartupInfoLogger.logStarting(StartupInfoLogger.java:55) - Starting FileControllerTest on DESKTOP-EQAA4OH with PID 10280 (started by hkk in C:\Users\hkk\Desktop\demo)
[15:20:51:140] [INFO] - org.springframework.boot.SpringApplication.logStartupProfileInfo(SpringApplication.java:651) - No active profile set, falling back to default profiles: default
[15:20:51:751] [INFO] - org.springframework.data.repository.config.RepositoryConfigurationDelegate.registerRepositoriesIn(RepositoryConfigurationDelegate.java:127) - Bootstrapping Spring Data JPA repositories in DEFAULT mode.
[15:20:51:813] [INFO] - org.springframework.data.repository.config.RepositoryConfigurationDelegate.registerRepositoriesIn(RepositoryConfigurationDelegate.java:187) - Finished Spring Data repository scanning in 53ms. Found 1 JPA repository interfaces.
[15:20:52:557] [INFO] - org.springframework.boot.web.embedded.tomcat.TomcatWebServer.initialize(TomcatWebServer.java:92) - Tomcat initialized with port(s): 0 (http)
[15:20:52:570] [INFO] - org.apache.juli.logging.DirectJDKLog.log(DirectJDKLog.java:173) - Initializing ProtocolHandler ["http-nio-auto-1"]
[15:20:52:570] [INFO] - org.apache.juli.logging.DirectJDKLog.log(DirectJDKLog.java:173) - Starting service [Tomcat]
[15:20:52:571] [INFO] - org.apache.juli.logging.DirectJDKLog.log(DirectJDKLog.java:173) - Starting Servlet engine: [Apache Tomcat/9.0.33]
[15:20:52:705] [INFO] - org.apache.juli.logging.DirectJDKLog.log(DirectJDKLog.java:173) - Initializing Spring embedded WebApplicationContext
[15:20:52:706] [INFO] - org.springframework.boot.web.servlet.context.ServletWebServerApplicationContext.prepareWebApplicationContext(ServletWebServerApplicationContext.java:284) - Root WebApplicationContext: initialization completed in 1542 ms
[15:20:52:922] [INFO] - com.zaxxer.hikari.HikariDataSource.getConnection(HikariDataSource.java:110) - HikariPool-1 - Starting...
[15:20:53:095] [INFO] - com.zaxxer.hikari.pool.PoolBase.getAndSetNetworkTimeout(PoolBase.java:531) - HikariPool-1 - Driver does not support get/set network timeout for connections. (net.sf.log4jdbc.ConnectionSpy.getNetworkTimeout()I)
[15:20:53:099] [INFO] - com.zaxxer.hikari.HikariDataSource.getConnection(HikariDataSource.java:123) - HikariPool-1 - Start completed.
[15:20:53:160] [INFO] - org.hibernate.jpa.internal.util.LogHelper.logPersistenceUnitInformation(LogHelper.java:31) - HHH000204: Processing PersistenceUnitInfo [name: default]
[15:20:53:252] [INFO] - org.hibernate.Version.logVersion(Version.java:44) - HHH000412: Hibernate ORM core version 5.4.12.Final
[15:20:53:429] [INFO] - org.hibernate.annotations.common.reflection.java.JavaReflectionManager.<clinit>(JavaReflectionManager.java:49) - HCANN000001: Hibernate Commons Annotations {5.1.0.Final}
[15:20:53:578] [INFO] - org.hibernate.dialect.Dialect.<init>(Dialect.java:172) - HHH000400: Using dialect: org.hibernate.dialect.MySQL8Dialect
[15:20:54:230] [INFO] - org.hibernate.engine.transaction.jta.platform.internal.JtaPlatformInitiator.initiateService(JtaPlatformInitiator.java:52) - HHH000490: Using JtaPlatform implementation: [org.hibernate.engine.transaction.jta.platform.internal.NoJtaPlatform]
[15:20:54:240] [INFO] - org.springframework.orm.jpa.AbstractEntityManagerFactoryBean.buildNativeEntityManagerFactory(AbstractEntityManagerFactoryBean.java:416) - Initialized JPA EntityManagerFactory for persistence unit 'default'
[15:20:54:613] [WARN] - org.springframework.boot.autoconfigure.orm.jpa.JpaBaseConfiguration$JpaWebConfiguration.openEntityManagerInViewInterceptor(JpaBaseConfiguration.java:220) - spring.jpa.open-in-view is enabled by default. Therefore, database queries may be performed during view rendering. Explicitly configure spring.jpa.open-in-view to disable this warning
[15:20:55:027] [INFO] - org.springframework.scheduling.concurrent.ExecutorConfigurationSupport.initialize(ExecutorConfigurationSupport.java:181) - Initializing ExecutorService 'applicationTaskExecutor'
[15:20:55:334] [INFO] - org.apache.juli.logging.DirectJDKLog.log(DirectJDKLog.java:173) - Starting ProtocolHandler ["http-nio-auto-1"]
[15:20:55:357] [INFO] - org.springframework.boot.web.embedded.tomcat.TomcatWebServer.start(TomcatWebServer.java:204) - Tomcat started on port(s): 61870 (http) with context path ''
[15:20:55:358] [INFO] - org.springframework.boot.StartupInfoLogger.logStarted(StartupInfoLogger.java:61) - Started FileControllerTest in 4.543 seconds (JVM running for 7.048)
[15:20:55:413] [INFO] - org.apache.juli.logging.DirectJDKLog.log(DirectJDKLog.java:173) - Initializing Spring TestDispatcherServlet ''
[15:20:55:413] [INFO] - org.springframework.web.servlet.FrameworkServlet.initServletBean(FrameworkServlet.java:525) - Initializing Servlet ''
[15:20:55:428] [INFO] - org.springframework.web.servlet.FrameworkServlet.initServletBean(FrameworkServlet.java:547) - Completed initialization in 14 ms
[15:20:55:548] [INFO] - net.sf.log4jdbc.Slf4jSpyLogDelegator.sqlOccured(Slf4jSpyLogDelegator.java:226) - select opnfiledo0_.id as id1_0_0_ from opn_file opnfiledo0_ where opnfiledo0_.id='14247' 

[15:20:55:618] [INFO] - org.springframework.scheduling.concurrent.ExecutorConfigurationSupport.shutdown(ExecutorConfigurationSupport.java:218) - Shutting down ExecutorService 'applicationTaskExecutor'
[15:20:55:619] [INFO] - org.springframework.orm.jpa.AbstractEntityManagerFactoryBean.destroy(AbstractEntityManagerFactoryBean.java:598) - Closing JPA EntityManagerFactory for persistence unit 'default'
[15:20:55:622] [INFO] - com.zaxxer.hikari.HikariDataSource.close(HikariDataSource.java:350) - HikariPool-1 - Shutdown initiated...
[15:20:55:636] [INFO] - com.zaxxer.hikari.HikariDataSource.close(HikariDataSource.java:352) - HikariPool-1 - Shutdown completed.
[15:22:30:653] [INFO] - org.springframework.test.context.support.AbstractTestContextBootstrapper.buildDefaultMergedContextConfiguration(AbstractTestContextBootstrapper.java:308) - Neither @ContextConfiguration nor @ContextHierarchy found for test class [com.example.demo.FileControllerTest], using SpringBootContextLoader
[15:22:30:663] [INFO] - org.springframework.test.context.support.AbstractContextLoader.generateDefaultLocations(AbstractContextLoader.java:264) - Could not detect default resource locations for test class [com.example.demo.FileControllerTest]: no resource found for suffixes {-context.xml, Context.groovy}.
[15:22:30:663] [INFO] - org.springframework.test.context.support.AnnotationConfigContextLoaderUtils.detectDefaultConfigurationClasses(AnnotationConfigContextLoaderUtils.java:83) - Could not detect default configuration classes for test class [com.example.demo.FileControllerTest]: FileControllerTest does not declare any static, non-private, non-final, nested classes annotated with @Configuration.
[15:22:30:791] [INFO] - org.springframework.boot.test.context.SpringBootTestContextBootstrapper.getOrFindConfigurationClasses(SpringBootTestContextBootstrapper.java:235) - Found @SpringBootConfiguration com.example.demo.DemoApplication for test class com.example.demo.FileControllerTest
[15:22:30:893] [INFO] - org.springframework.test.context.support.AbstractTestContextBootstrapper.getDefaultTestExecutionListenerClassNames(AbstractTestContextBootstrapper.java:248) - Loaded default TestExecutionListener class names from location [META-INF/spring.factories]: [org.springframework.boot.test.mock.mockito.MockitoTestExecutionListener, org.springframework.boot.test.mock.mockito.ResetMocksTestExecutionListener, org.springframework.boot.test.autoconfigure.restdocs.RestDocsTestExecutionListener, org.springframework.boot.test.autoconfigure.web.client.MockRestServiceServerResetTestExecutionListener, org.springframework.boot.test.autoconfigure.web.servlet.MockMvcPrintOnlyOnFailureTestExecutionListener, org.springframework.boot.test.autoconfigure.web.servlet.WebDriverTestExecutionListener, org.springframework.test.context.web.ServletTestExecutionListener, org.springframework.test.context.support.DirtiesContextBeforeModesTestExecutionListener, org.springframework.test.context.support.DependencyInjectionTestExecutionListener, org.springframework.test.context.support.DirtiesContextTestExecutionListener, org.springframework.test.context.transaction.TransactionalTestExecutionListener, org.springframework.test.context.jdbc.SqlScriptsTestExecutionListener, org.springframework.test.context.event.EventPublishingTestExecutionListener]
[15:22:30:909] [INFO] - org.springframework.test.context.support.AbstractTestContextBootstrapper.getTestExecutionListeners(AbstractTestContextBootstrapper.java:177) - Using TestExecutionListeners: [org.springframework.test.context.web.ServletTestExecutionListener@4c5ae43b, org.springframework.test.context.support.DirtiesContextBeforeModesTestExecutionListener@264f218, org.springframework.boot.test.mock.mockito.MockitoTestExecutionListener@3576ddc2, org.springframework.boot.test.autoconfigure.SpringBootDependencyInjectionTestExecutionListener@35b74c5c, org.springframework.test.context.support.DirtiesContextTestExecutionListener@2e570ded, org.springframework.test.context.transaction.TransactionalTestExecutionListener@b86de0d, org.springframework.test.context.jdbc.SqlScriptsTestExecutionListener@81d9a72, org.springframework.test.context.event.EventPublishingTestExecutionListener@747f281, org.springframework.boot.test.mock.mockito.ResetMocksTestExecutionListener@1169afe1, org.springframework.boot.test.autoconfigure.restdocs.RestDocsTestExecutionListener@2ca26d77, org.springframework.boot.test.autoconfigure.web.client.MockRestServiceServerResetTestExecutionListener@4808bc9b, org.springframework.boot.test.autoconfigure.web.servlet.MockMvcPrintOnlyOnFailureTestExecutionListener@70e38ce1, org.springframework.boot.test.autoconfigure.web.servlet.WebDriverTestExecutionListener@2ca923bb]
[16:12:09:163] [INFO] - org.springframework.test.context.support.AbstractTestContextBootstrapper.buildDefaultMergedContextConfiguration(AbstractTestContextBootstrapper.java:308) - Neither @ContextConfiguration nor @ContextHierarchy found for test class [com.example.demo.FileControllerTest], using SpringBootContextLoader
[16:12:09:174] [INFO] - org.springframework.test.context.support.AbstractContextLoader.generateDefaultLocations(AbstractContextLoader.java:264) - Could not detect default resource locations for test class [com.example.demo.FileControllerTest]: no resource found for suffixes {-context.xml, Context.groovy}.
[16:12:09:175] [INFO] - org.springframework.test.context.support.AnnotationConfigContextLoaderUtils.detectDefaultConfigurationClasses(AnnotationConfigContextLoaderUtils.java:83) - Could not detect default configuration classes for test class [com.example.demo.FileControllerTest]: FileControllerTest does not declare any static, non-private, non-final, nested classes annotated with @Configuration.
[16:12:09:328] [INFO] - org.springframework.boot.test.context.SpringBootTestContextBootstrapper.getOrFindConfigurationClasses(SpringBootTestContextBootstrapper.java:235) - Found @SpringBootConfiguration com.example.demo.DemoApplication for test class com.example.demo.FileControllerTest
[16:12:09:439] [INFO] - org.springframework.test.context.support.AbstractTestContextBootstrapper.getDefaultTestExecutionListenerClassNames(AbstractTestContextBootstrapper.java:248) - Loaded default TestExecutionListener class names from location [META-INF/spring.factories]: [org.springframework.boot.test.mock.mockito.MockitoTestExecutionListener, org.springframework.boot.test.mock.mockito.ResetMocksTestExecutionListener, org.springframework.boot.test.autoconfigure.restdocs.RestDocsTestExecutionListener, org.springframework.boot.test.autoconfigure.web.client.MockRestServiceServerResetTestExecutionListener, org.springframework.boot.test.autoconfigure.web.servlet.MockMvcPrintOnlyOnFailureTestExecutionListener, org.springframework.boot.test.autoconfigure.web.servlet.WebDriverTestExecutionListener, org.springframework.test.context.web.ServletTestExecutionListener, org.springframework.test.context.support.DirtiesContextBeforeModesTestExecutionListener, org.springframework.test.context.support.DependencyInjectionTestExecutionListener, org.springframework.test.context.support.DirtiesContextTestExecutionListener, org.springframework.test.context.transaction.TransactionalTestExecutionListener, org.springframework.test.context.jdbc.SqlScriptsTestExecutionListener, org.springframework.test.context.event.EventPublishingTestExecutionListener]
[16:12:09:457] [INFO] - org.springframework.test.context.support.AbstractTestContextBootstrapper.getTestExecutionListeners(AbstractTestContextBootstrapper.java:177) - Using TestExecutionListeners: [org.springframework.test.context.web.ServletTestExecutionListener@5769e7ae, org.springframework.test.context.support.DirtiesContextBeforeModesTestExecutionListener@5c77053b, org.springframework.boot.test.mock.mockito.MockitoTestExecutionListener@26b894bd, org.springframework.boot.test.autoconfigure.SpringBootDependencyInjectionTestExecutionListener@287f94b1, org.springframework.test.context.support.DirtiesContextTestExecutionListener@30b34287, org.springframework.test.context.transaction.TransactionalTestExecutionListener@5489c777, org.springframework.test.context.jdbc.SqlScriptsTestExecutionListener@3676ac27, org.springframework.test.context.event.EventPublishingTestExecutionListener@62f87c44, org.springframework.boot.test.mock.mockito.ResetMocksTestExecutionListener@48f5bde6, org.springframework.boot.test.autoconfigure.restdocs.RestDocsTestExecutionListener@525d79f0, org.springframework.boot.test.autoconfigure.web.client.MockRestServiceServerResetTestExecutionListener@5149f008, org.springframework.boot.test.autoconfigure.web.servlet.MockMvcPrintOnlyOnFailureTestExecutionListener@7072bc39, org.springframework.boot.test.autoconfigure.web.servlet.WebDriverTestExecutionListener@158d255c]
[16:12:42:349] [INFO] - org.springframework.test.context.support.AbstractTestContextBootstrapper.buildDefaultMergedContextConfiguration(AbstractTestContextBootstrapper.java:308) - Neither @ContextConfiguration nor @ContextHierarchy found for test class [com.example.demo.FileControllerTest], using SpringBootContextLoader
[16:12:42:359] [INFO] - org.springframework.test.context.support.AbstractContextLoader.generateDefaultLocations(AbstractContextLoader.java:264) - Could not detect default resource locations for test class [com.example.demo.FileControllerTest]: no resource found for suffixes {-context.xml, Context.groovy}.
[16:12:42:360] [INFO] - org.springframework.test.context.support.AnnotationConfigContextLoaderUtils.detectDefaultConfigurationClasses(AnnotationConfigContextLoaderUtils.java:83) - Could not detect default configuration classes for test class [com.example.demo.FileControllerTest]: FileControllerTest does not declare any static, non-private, non-final, nested classes annotated with @Configuration.
[16:12:42:492] [INFO] - org.springframework.boot.test.context.SpringBootTestContextBootstrapper.getOrFindConfigurationClasses(SpringBootTestContextBootstrapper.java:235) - Found @SpringBootConfiguration com.example.demo.DemoApplication for test class com.example.demo.FileControllerTest
[16:12:42:591] [INFO] - org.springframework.test.context.support.AbstractTestContextBootstrapper.getDefaultTestExecutionListenerClassNames(AbstractTestContextBootstrapper.java:248) - Loaded default TestExecutionListener class names from location [META-INF/spring.factories]: [org.springframework.boot.test.mock.mockito.MockitoTestExecutionListener, org.springframework.boot.test.mock.mockito.ResetMocksTestExecutionListener, org.springframework.boot.test.autoconfigure.restdocs.RestDocsTestExecutionListener, org.springframework.boot.test.autoconfigure.web.client.MockRestServiceServerResetTestExecutionListener, org.springframework.boot.test.autoconfigure.web.servlet.MockMvcPrintOnlyOnFailureTestExecutionListener, org.springframework.boot.test.autoconfigure.web.servlet.WebDriverTestExecutionListener, org.springframework.test.context.web.ServletTestExecutionListener, org.springframework.test.context.support.DirtiesContextBeforeModesTestExecutionListener, org.springframework.test.context.support.DependencyInjectionTestExecutionListener, org.springframework.test.context.support.DirtiesContextTestExecutionListener, org.springframework.test.context.transaction.TransactionalTestExecutionListener, org.springframework.test.context.jdbc.SqlScriptsTestExecutionListener, org.springframework.test.context.event.EventPublishingTestExecutionListener]
[16:12:42:608] [INFO] - org.springframework.test.context.support.AbstractTestContextBootstrapper.getTestExecutionListeners(AbstractTestContextBootstrapper.java:177) - Using TestExecutionListeners: [org.springframework.test.context.web.ServletTestExecutionListener@4c5ae43b, org.springframework.test.context.support.DirtiesContextBeforeModesTestExecutionListener@264f218, org.springframework.boot.test.mock.mockito.MockitoTestExecutionListener@3576ddc2, org.springframework.boot.test.autoconfigure.SpringBootDependencyInjectionTestExecutionListener@35b74c5c, org.springframework.test.context.support.DirtiesContextTestExecutionListener@2e570ded, org.springframework.test.context.transaction.TransactionalTestExecutionListener@b86de0d, org.springframework.test.context.jdbc.SqlScriptsTestExecutionListener@81d9a72, org.springframework.test.context.event.EventPublishingTestExecutionListener@747f281, org.springframework.boot.test.mock.mockito.ResetMocksTestExecutionListener@1169afe1, org.springframework.boot.test.autoconfigure.restdocs.RestDocsTestExecutionListener@2ca26d77, org.springframework.boot.test.autoconfigure.web.client.MockRestServiceServerResetTestExecutionListener@4808bc9b, org.springframework.boot.test.autoconfigure.web.servlet.MockMvcPrintOnlyOnFailureTestExecutionListener@70e38ce1, org.springframework.boot.test.autoconfigure.web.servlet.WebDriverTestExecutionListener@2ca923bb]
[16:12:42:969] [INFO] - org.springframework.boot.StartupInfoLogger.logStarting(StartupInfoLogger.java:55) - Starting FileControllerTest on DESKTOP-EQAA4OH with PID 8736 (started by hkk in C:\Users\hkk\Desktop\logjpa)
[16:12:42:973] [INFO] - org.springframework.boot.SpringApplication.logStartupProfileInfo(SpringApplication.java:651) - No active profile set, falling back to default profiles: default
[16:12:43:523] [INFO] - org.springframework.data.repository.config.RepositoryConfigurationDelegate.registerRepositoriesIn(RepositoryConfigurationDelegate.java:127) - Bootstrapping Spring Data JPA repositories in DEFAULT mode.
[16:12:43:585] [INFO] - org.springframework.data.repository.config.RepositoryConfigurationDelegate.registerRepositoriesIn(RepositoryConfigurationDelegate.java:187) - Finished Spring Data repository scanning in 53ms. Found 1 JPA repository interfaces.
[16:12:44:333] [INFO] - org.springframework.boot.web.embedded.tomcat.TomcatWebServer.initialize(TomcatWebServer.java:92) - Tomcat initialized with port(s): 0 (http)
[16:12:44:345] [INFO] - org.apache.juli.logging.DirectJDKLog.log(DirectJDKLog.java:173) - Initializing ProtocolHandler ["http-nio-auto-1"]
[16:12:44:346] [INFO] - org.apache.juli.logging.DirectJDKLog.log(DirectJDKLog.java:173) - Starting service [Tomcat]
[16:12:44:347] [INFO] - org.apache.juli.logging.DirectJDKLog.log(DirectJDKLog.java:173) - Starting Servlet engine: [Apache Tomcat/9.0.33]
[16:12:44:488] [INFO] - org.apache.juli.logging.DirectJDKLog.log(DirectJDKLog.java:173) - Initializing Spring embedded WebApplicationContext
[16:12:44:488] [INFO] - org.springframework.boot.web.servlet.context.ServletWebServerApplicationContext.prepareWebApplicationContext(ServletWebServerApplicationContext.java:284) - Root WebApplicationContext: initialization completed in 1497 ms
[16:12:44:694] [INFO] - com.zaxxer.hikari.HikariDataSource.getConnection(HikariDataSource.java:110) - HikariPool-1 - Starting...
[16:12:44:866] [INFO] - com.zaxxer.hikari.pool.PoolBase.getAndSetNetworkTimeout(PoolBase.java:531) - HikariPool-1 - Driver does not support get/set network timeout for connections. (net.sf.log4jdbc.ConnectionSpy.getNetworkTimeout()I)
[16:12:44:871] [INFO] - com.zaxxer.hikari.HikariDataSource.getConnection(HikariDataSource.java:123) - HikariPool-1 - Start completed.
[16:12:44:931] [INFO] - org.hibernate.jpa.internal.util.LogHelper.logPersistenceUnitInformation(LogHelper.java:31) - HHH000204: Processing PersistenceUnitInfo [name: default]
[16:12:45:024] [INFO] - org.hibernate.Version.logVersion(Version.java:44) - HHH000412: Hibernate ORM core version 5.4.12.Final
[16:12:45:203] [INFO] - org.hibernate.annotations.common.reflection.java.JavaReflectionManager.<clinit>(JavaReflectionManager.java:49) - HCANN000001: Hibernate Commons Annotations {5.1.0.Final}
[16:12:45:357] [INFO] - org.hibernate.dialect.Dialect.<init>(Dialect.java:172) - HHH000400: Using dialect: org.hibernate.dialect.MySQL8Dialect
[16:12:45:994] [INFO] - org.hibernate.engine.transaction.jta.platform.internal.JtaPlatformInitiator.initiateService(JtaPlatformInitiator.java:52) - HHH000490: Using JtaPlatform implementation: [org.hibernate.engine.transaction.jta.platform.internal.NoJtaPlatform]
[16:12:46:003] [INFO] - org.springframework.orm.jpa.AbstractEntityManagerFactoryBean.buildNativeEntityManagerFactory(AbstractEntityManagerFactoryBean.java:416) - Initialized JPA EntityManagerFactory for persistence unit 'default'
[16:12:46:364] [WARN] - org.springframework.boot.autoconfigure.orm.jpa.JpaBaseConfiguration$JpaWebConfiguration.openEntityManagerInViewInterceptor(JpaBaseConfiguration.java:220) - spring.jpa.open-in-view is enabled by default. Therefore, database queries may be performed during view rendering. Explicitly configure spring.jpa.open-in-view to disable this warning
[16:12:46:776] [INFO] - org.springframework.scheduling.concurrent.ExecutorConfigurationSupport.initialize(ExecutorConfigurationSupport.java:181) - Initializing ExecutorService 'applicationTaskExecutor'
[16:12:47:102] [INFO] - org.apache.juli.logging.DirectJDKLog.log(DirectJDKLog.java:173) - Starting ProtocolHandler ["http-nio-auto-1"]
[16:12:47:128] [INFO] - org.springframework.boot.web.embedded.tomcat.TomcatWebServer.start(TomcatWebServer.java:204) - Tomcat started on port(s): 62816 (http) with context path ''
[16:12:47:130] [INFO] - org.springframework.boot.StartupInfoLogger.logStarted(StartupInfoLogger.java:61) - Started FileControllerTest in 4.483 seconds (JVM running for 7.055)
[16:12:47:185] [INFO] - org.apache.juli.logging.DirectJDKLog.log(DirectJDKLog.java:173) - Initializing Spring TestDispatcherServlet ''
[16:12:47:185] [INFO] - org.springframework.web.servlet.FrameworkServlet.initServletBean(FrameworkServlet.java:525) - Initializing Servlet ''
[16:12:47:197] [INFO] - org.springframework.web.servlet.FrameworkServlet.initServletBean(FrameworkServlet.java:547) - Completed initialization in 11 ms
[16:12:47:304] [INFO] - net.sf.log4jdbc.Slf4jSpyLogDelegator.sqlOccured(Slf4jSpyLogDelegator.java:226) - select opnfiledo0_.id as id1_0_0_ from opn_file opnfiledo0_ where opnfiledo0_.id='14247' 

[16:12:47:364] [INFO] - org.springframework.scheduling.concurrent.ExecutorConfigurationSupport.shutdown(ExecutorConfigurationSupport.java:218) - Shutting down ExecutorService 'applicationTaskExecutor'
[16:12:47:365] [INFO] - org.springframework.orm.jpa.AbstractEntityManagerFactoryBean.destroy(AbstractEntityManagerFactoryBean.java:598) - Closing JPA EntityManagerFactory for persistence unit 'default'
[16:12:47:367] [INFO] - com.zaxxer.hikari.HikariDataSource.close(HikariDataSource.java:350) - HikariPool-1 - Shutdown initiated...
[16:12:47:382] [INFO] - com.zaxxer.hikari.HikariDataSource.close(HikariDataSource.java:352) - HikariPool-1 - Shutdown completed.
