[16:24:00:818] [INFO] - org.hibernate.jpa.internal.util.LogHelper.logPersistenceUnitInformation(LogHelper.java:31) - HHH000204: Processing PersistenceUnitInfo [name: default]
[16:24:00:924] [INFO] - org.hibernate.Version.logVersion(Version.java:44) - HHH000412: Hibernate ORM core version 5.4.12.Final
[16:24:01:105] [INFO] - org.hibernate.annotations.common.reflection.java.JavaReflectionManager.<clinit>(JavaReflectionManager.java:49) - HCANN000001: Hibernate Commons Annotations {5.1.0.Final}
[16:24:01:269] [INFO] - org.hibernate.dialect.Dialect.<init>(Dialect.java:172) - HHH000400: Using dialect: org.hibernate.dialect.MySQL8Dialect
[16:24:01:975] [INFO] - org.hibernate.engine.transaction.jta.platform.internal.JtaPlatformInitiator.initiateService(JtaPlatformInitiator.java:52) - HHH000490: Using JtaPlatform implementation: [org.hibernate.engine.transaction.jta.platform.internal.NoJtaPlatform]
[16:24:03:348] [DEBUG] - org.hibernate.engine.jdbc.spi.SqlStatementLogger.logStatement(SqlStatementLogger.java:127) - 
    select
        opnfiledo0_.id as id1_0_0_,
        opnfiledo0_.detail_id as detail_i2_0_0_,
        opnfiledo0_.file_name as file_nam3_0_0_,
        opnfiledo0_.hisid as hisid4_0_0_,
        opnfiledo0_.sid as sid5_0_0_,
        opnfiledo0_.table_par as table_pa6_0_0_,
        opnfiledo0_.upload_date as upload_d7_0_0_,
        opnfiledo0_.version as version8_0_0_ 
    from
        opn_file opnfiledo0_ 
    where
        opnfiledo0_.id=?
[16:25:26:910] [INFO] - org.hibernate.jpa.internal.util.LogHelper.logPersistenceUnitInformation(LogHelper.java:31) - HHH000204: Processing PersistenceUnitInfo [name: default]
[16:25:27:018] [INFO] - org.hibernate.Version.logVersion(Version.java:44) - HHH000412: Hibernate ORM core version 5.4.12.Final
[16:25:27:213] [INFO] - org.hibernate.annotations.common.reflection.java.JavaReflectionManager.<clinit>(JavaReflectionManager.java:49) - HCANN000001: Hibernate Commons Annotations {5.1.0.Final}
[16:25:27:379] [INFO] - org.hibernate.dialect.Dialect.<init>(Dialect.java:172) - HHH000400: Using dialect: org.hibernate.dialect.MySQL8Dialect
[16:25:28:105] [INFO] - org.hibernate.engine.transaction.jta.platform.internal.JtaPlatformInitiator.initiateService(JtaPlatformInitiator.java:52) - HHH000490: Using JtaPlatform implementation: [org.hibernate.engine.transaction.jta.platform.internal.NoJtaPlatform]
[16:25:29:477] [DEBUG] - org.hibernate.engine.jdbc.spi.SqlStatementLogger.logStatement(SqlStatementLogger.java:127) - 
    select
        opnfiledo0_.id as id1_0_0_,
        opnfiledo0_.detail_id as detail_i2_0_0_,
        opnfiledo0_.file_name as file_nam3_0_0_,
        opnfiledo0_.hisid as hisid4_0_0_,
        opnfiledo0_.sid as sid5_0_0_,
        opnfiledo0_.table_par as table_pa6_0_0_,
        opnfiledo0_.upload_date as upload_d7_0_0_,
        opnfiledo0_.version as version8_0_0_ 
    from
        opn_file opnfiledo0_ 
    where
        opnfiledo0_.id=?
[16:26:03:363] [INFO] - org.hibernate.jpa.internal.util.LogHelper.logPersistenceUnitInformation(LogHelper.java:31) - HHH000204: Processing PersistenceUnitInfo [name: default]
[16:26:03:465] [INFO] - org.hibernate.Version.logVersion(Version.java:44) - HHH000412: Hibernate ORM core version 5.4.12.Final
[16:26:03:653] [INFO] - org.hibernate.annotations.common.reflection.java.JavaReflectionManager.<clinit>(JavaReflectionManager.java:49) - HCANN000001: Hibernate Commons Annotations {5.1.0.Final}
[16:26:03:808] [INFO] - org.hibernate.dialect.Dialect.<init>(Dialect.java:172) - HHH000400: Using dialect: org.hibernate.dialect.MySQL8Dialect
[16:26:04:508] [INFO] - org.hibernate.engine.transaction.jta.platform.internal.JtaPlatformInitiator.initiateService(JtaPlatformInitiator.java:52) - HHH000490: Using JtaPlatform implementation: [org.hibernate.engine.transaction.jta.platform.internal.NoJtaPlatform]
[16:26:05:918] [DEBUG] - org.hibernate.engine.jdbc.spi.SqlStatementLogger.logStatement(SqlStatementLogger.java:127) - 
    select
        opnfiledo0_.id as id1_0_0_,
        opnfiledo0_.detail_id as detail_i2_0_0_,
        opnfiledo0_.file_name as file_nam3_0_0_,
        opnfiledo0_.hisid as hisid4_0_0_,
        opnfiledo0_.sid as sid5_0_0_,
        opnfiledo0_.table_par as table_pa6_0_0_,
        opnfiledo0_.upload_date as upload_d7_0_0_,
        opnfiledo0_.version as version8_0_0_ 
    from
        opn_file opnfiledo0_ 
    where
        opnfiledo0_.id=?
[16:26:05:945] [TRACE] - org.hibernate.type.descriptor.sql.BasicBinder.bind(BasicBinder.java:64) - binding parameter [1] as [VARCHAR] - [14247]
